> Task :app:preBuild UP-TO-DATE
> Task :app:preDebugBuild UP-TO-DATE
> Task :app:mergeDebugNativeDebugMetadata NO-SOURCE
> Task :app:checkKotlinGradlePluginConfigurationErrors SKIPPED
> Task :app:checkDebugAarMetadata UP-TO-DATE
> Task :app:generateDebugResValues UP-TO-DATE
> Task :app:mapDebugSourceSetPaths UP-TO-DATE
> Task :app:generateDebugResources UP-TO-DATE
> Task :app:mergeDebugResources UP-TO-DATE
> Task :app:packageDebugResources UP-TO-DATE
> Task :app:parseDebugLocalResources UP-TO-DATE
> Task :app:createDebugCompatibleScreenManifests UP-TO-DATE
> Task :app:extractDeepLinksDebug UP-TO-DATE
> Task :app:processDebugMainManifest UP-TO-DATE
> Task :app:processDebugManifest UP-TO-DATE
> Task :app:processDebugManifestForPackage UP-TO-DATE
> Task :app:processDebugResources UP-TO-DATE
> Task :app:javaPreCompileDebug UP-TO-DATE
> Task :app:mergeDebugShaders UP-TO-DATE
> Task :app:compileDebugShaders NO-SOURCE
> Task :app:generateDebugAssets UP-TO-DATE
> Task :app:mergeDebugAssets UP-TO-DATE
> Task :app:compressDebugAssets UP-TO-DATE
> Task :app:checkDebugDuplicateClasses UP-TO-DATE
> Task :app:desugarDebugFileDependencies UP-TO-DATE
> Task :app:mergeExtDexDebug UP-TO-DATE
> Task :app:mergeLibDexDebug UP-TO-DATE
> Task :app:mergeDebugJniLibFolders UP-TO-DATE
> Task :app:mergeDebugNativeLibs UP-TO-DATE
> Task :app:stripDebugDebugSymbols UP-TO-DATE
> Task :app:validateSigningDebug UP-TO-DATE
> Task :app:writeDebugAppMetadata UP-TO-DATE
> Task :app:writeDebugSigningConfigVersions UP-TO-DATE

> Task :app:compileDebugKotlin
e: file:///E:/Kuliah/Semester%205/Pengembangan%20Aplikasi%20Mobile/Tugas%20Akhir/Mobile/app/src/main/java/com/example/rumahistimewa/ui/admin/TransactionListScreen.kt:22:9 Unresolved reference 'AdminTransaction'.
e: file:///E:/Kuliah/Semester%205/Pengembangan%20Aplikasi%20Mobile/Tugas%20Akhir/Mobile/app/src/main/java/com/example/rumahistimewa/ui/admin/TransactionListScreen.kt:22:9 Cannot infer type for this parameter. Please specify it explicitly.
e: file:///E:/Kuliah/Semester%205/Pengembangan%20Aplikasi%20Mobile/Tugas%20Akhir/Mobile/app/src/main/java/com/example/rumahistimewa/ui/admin/TransactionListScreen.kt:23:9 Unresolved reference 'AdminTransaction'.
e: file:///E:/Kuliah/Semester%205/Pengembangan%20Aplikasi%20Mobile/Tugas%20Akhir/Mobile/app/src/main/java/com/example/rumahistimewa/ui/admin/TransactionListScreen.kt:24:9 Unresolved reference 'AdminTransaction'.
e: file:///E:/Kuliah/Semester%205/Pengembangan%20Aplikasi%20Mobile/Tugas%20Akhir/Mobile/app/src/main/java/com/example/rumahistimewa/ui/admin/TransactionListScreen.kt:27:32 Not enough information to infer type argument for 'T'.
e: file:///E:/Kuliah/Semester%205/Pengembangan%20Aplikasi%20Mobile/Tugas%20Akhir/Mobile/app/src/main/java/com/example/rumahistimewa/ui/admin/TransactionListScreen.kt:27:58 Unresolved reference 'AdminTransaction'.
e: file:///E:/Kuliah/Semester%205/Pengembangan%20Aplikasi%20Mobile/Tugas%20Akhir/Mobile/app/src/main/java/com/example/rumahistimewa/ui/admin/TransactionListScreen.kt:27:77 Null cannot be a value of a non-null type 'T'.
e: file:///E:/Kuliah/Semester%205/Pengembangan%20Aplikasi%20Mobile/Tugas%20Akhir/Mobile/app/src/main/java/com/example/rumahistimewa/ui/admin/TransactionListScreen.kt:35:54 Unresolved reference 'id'.
e: file:///E:/Kuliah/Semester%205/Pengembangan%20Aplikasi%20Mobile/Tugas%20Akhir/Mobile/app/src/main/java/com/example/rumahistimewa/ui/admin/TransactionListScreen.kt:37:60 Unresolved reference 'customer'.
e: file:///E:/Kuliah/Semester%205/Pengembangan%20Aplikasi%20Mobile/Tugas%20Akhir/Mobile/app/src/main/java/com/example/rumahistimewa/ui/admin/TransactionListScreen.kt:38:57 Unresolved reference 'villa'.
e: file:///E:/Kuliah/Semester%205/Pengembangan%20Aplikasi%20Mobile/Tugas%20Akhir/Mobile/app/src/main/java/com/example/rumahistimewa/ui/admin/TransactionListScreen.kt:39:56 Unresolved reference 'date'.
e: file:///E:/Kuliah/Semester%205/Pengembangan%20Aplikasi%20Mobile/Tugas%20Akhir/Mobile/app/src/main/java/com/example/rumahistimewa/ui/admin/TransactionListScreen.kt:40:58 Unresolved reference 'amount'.
e: file:///E:/Kuliah/Semester%205/Pengembangan%20Aplikasi%20Mobile/Tugas%20Akhir/Mobile/app/src/main/java/com/example/rumahistimewa/ui/admin/TransactionListScreen.kt:41:58 Unresolved reference 'status'.
e: file:///E:/Kuliah/Semester%205/Pengembangan%20Aplikasi%20Mobile/Tugas%20Akhir/Mobile/app/src/main/java/com/example/rumahistimewa/ui/admin/TransactionListScreen.kt:78:21 Not enough information to infer type argument for 'T'.
e: file:///E:/Kuliah/Semester%205/Pengembangan%20Aplikasi%20Mobile/Tugas%20Akhir/Mobile/app/src/main/java/com/example/rumahistimewa/ui/admin/TransactionListScreen.kt:78:43 Cannot infer type for this parameter. Please specify it explicitly.
e: file:///E:/Kuliah/Semester%205/Pengembangan%20Aplikasi%20Mobile/Tugas%20Akhir/Mobile/app/src/main/java/com/example/rumahistimewa/ui/admin/TransactionListScreen.kt:89:24 Unresolved reference 'AdminTransaction'.
e: file:///E:/Kuliah/Semester%205/Pengembangan%20Aplikasi%20Mobile/Tugas%20Akhir/Mobile/app/src/main/java/com/example/rumahistimewa/ui/admin/TransactionListScreen.kt:99:13 Overload resolution ambiguity between candidates:
@Composable() @ComposableTarget(...) fun Text(text: AnnotatedString, modifier: Modifier = ..., color: Color = ..., fontSize: TextUnit = ..., fontStyle: FontStyle? = ..., fontWeight: FontWeight? = ..., fontFamily: FontFamily? = ..., letterSpacing: TextUnit = ..., textDecoration: TextDecoration? = ..., textAlign: TextAlign? = ..., lineHeight: TextUnit = ..., overflow: TextOverflow = ..., softWrap: Boolean = ..., maxLines: Int = ..., minLines: Int = ..., inlineContent: Map<String, InlineTextContent> = ..., onTextLayout: (TextLayoutResult) -> Unit = ..., style: TextStyle = ...): Unit
@Composable() @ComposableTarget(...) fun Text(text: String, modifier: Modifier = ..., color: Color = ..., fontSize: TextUnit = ..., fontStyle: FontStyle? = ..., fontWeight: FontWeight? = ..., fontFamily: FontFamily? = ..., letterSpacing: TextUnit = ..., textDecoration: TextDecoration? = ..., textAlign: TextAlign? = ..., lineHeight: TextUnit = ..., overflow: TextOverflow = ..., softWrap: Boolean = ..., maxLines: Int = ..., minLines: Int = ..., onTextLayout: ((TextLayoutResult) -> Unit)? = ..., style: TextStyle = ...): Unit
e: file:///E:/Kuliah/Semester%205/Pengembangan%20Aplikasi%20Mobile/Tugas%20Akhir/Mobile/app/src/main/java/com/example/rumahistimewa/ui/admin/TransactionListScreen.kt:99:21 Unresolved reference 'villa'.
e: file:///E:/Kuliah/Semester%205/Pengembangan%20Aplikasi%20Mobile/Tugas%20Akhir/Mobile/app/src/main/java/com/example/rumahistimewa/ui/admin/TransactionListScreen.kt:100:13 Overload resolution ambiguity between candidates:
@Composable() @ComposableTarget(...) fun Text(text: AnnotatedString, modifier: Modifier = ..., color: Color = ..., fontSize: TextUnit = ..., fontStyle: FontStyle? = ..., fontWeight: FontWeight? = ..., fontFamily: FontFamily? = ..., letterSpacing: TextUnit = ..., textDecoration: TextDecoration? = ..., textAlign: TextAlign? = ..., lineHeight: TextUnit = ..., overflow: TextOverflow = ..., softWrap: Boolean = ..., maxLines: Int = ..., minLines: Int = ..., inlineContent: Map<String, InlineTextContent> = ..., onTextLayout: (TextLayoutResult) -> Unit = ..., style: TextStyle = ...): Unit
@Composable() @ComposableTarget(...) fun Text(text: String, modifier: Modifier = ..., color: Color = ..., fontSize: TextUnit = ..., fontStyle: FontStyle? = ..., fontWeight: FontWeight? = ..., fontFamily: FontFamily? = ..., letterSpacing: TextUnit = ..., textDecoration: TextDecoration? = ..., textAlign: TextAlign? = ..., lineHeight: TextUnit = ..., overflow: TextOverflow = ..., softWrap: Boolean = ..., maxLines: Int = ..., minLines: Int = ..., onTextLayout: ((TextLayoutResult) -> Unit)? = ..., style: TextStyle = ...): Unit
e: file:///E:/Kuliah/Semester%205/Pengembangan%20Aplikasi%20Mobile/Tugas%20Akhir/Mobile/app/src/main/java/com/example/rumahistimewa/ui/admin/TransactionListScreen.kt:100:21 Unresolved reference 'amount'.
e: file:///E:/Kuliah/Semester%205/Pengembangan%20Aplikasi%20Mobile/Tugas%20Akhir/Mobile/app/src/main/java/com/example/rumahistimewa/ui/admin/TransactionListScreen.kt:102:9 Overload resolution ambiguity between candidates:
@Composable() @ComposableTarget(...) fun Text(text: AnnotatedString, modifier: Modifier = ..., color: Color = ..., fontSize: TextUnit = ..., fontStyle: FontStyle? = ..., fontWeight: FontWeight? = ..., fontFamily: FontFamily? = ..., letterSpacing: TextUnit = ..., textDecoration: TextDecoration? = ..., textAlign: TextAlign? = ..., lineHeight: TextUnit = ..., overflow: TextOverflow = ..., softWrap: Boolean = ..., maxLines: Int = ..., minLines: Int = ..., inlineContent: Map<String, InlineTextContent> = ..., onTextLayout: (TextLayoutResult) -> Unit = ..., style: TextStyle = ...): Unit
@Composable() @ComposableTarget(...) fun Text(text: String, modifier: Modifier = ..., color: Color = ..., fontSize: TextUnit = ..., fontStyle: FontStyle? = ..., fontWeight: FontWeight? = ..., fontFamily: FontFamily? = ..., letterSpacing: TextUnit = ..., textDecoration: TextDecoration? = ..., textAlign: TextAlign? = ..., lineHeight: TextUnit = ..., overflow: TextOverflow = ..., softWrap: Boolean = ..., maxLines: Int = ..., minLines: Int = ..., onTextLayout: ((TextLayoutResult) -> Unit)? = ..., style: TextStyle = ...): Unit
e: file:///E:/Kuliah/Semester%205/Pengembangan%20Aplikasi%20Mobile/Tugas%20Akhir/Mobile/app/src/main/java/com/example/rumahistimewa/ui/admin/TransactionListScreen.kt:102:17 Unresolved reference 'customer'.
e: file:///E:/Kuliah/Semester%205/Pengembangan%20Aplikasi%20Mobile/Tugas%20Akhir/Mobile/app/src/main/java/com/example/rumahistimewa/ui/admin/TransactionListScreen.kt:103:9 Overload resolution ambiguity between candidates:
@Composable() @ComposableTarget(...) fun Text(text: AnnotatedString, modifier: Modifier = ..., color: Color = ..., fontSize: TextUnit = ..., fontStyle: FontStyle? = ..., fontWeight: FontWeight? = ..., fontFamily: FontFamily? = ..., letterSpacing: TextUnit = ..., textDecoration: TextDecoration? = ..., textAlign: TextAlign? = ..., lineHeight: TextUnit = ..., overflow: TextOverflow = ..., softWrap: Boolean = ..., maxLines: Int = ..., minLines: Int = ..., inlineContent: Map<String, InlineTextContent> = ..., onTextLayout: (TextLayoutResult) -> Unit = ..., style: TextStyle = ...): Unit
@Composable() @ComposableTarget(...) fun Text(text: String, modifier: Modifier = ..., color: Color = ..., fontSize: TextUnit = ..., fontStyle: FontStyle? = ..., fontWeight: FontWeight? = ..., fontFamily: FontFamily? = ..., letterSpacing: TextUnit = ..., textDecoration: TextDecoration? = ..., textAlign: TextAlign? = ..., lineHeight: TextUnit = ..., overflow: TextOverflow = ..., softWrap: Boolean = ..., maxLines: Int = ..., minLines: Int = ..., onTextLayout: ((TextLayoutResult) -> Unit)? = ..., style: TextStyle = ...): Unit
e: file:///E:/Kuliah/Semester%205/Pengembangan%20Aplikasi%20Mobile/Tugas%20Akhir/Mobile/app/src/main/java/com/example/rumahistimewa/ui/admin/TransactionListScreen.kt:103:17 Unresolved reference 'date'.
e: file:///E:/Kuliah/Semester%205/Pengembangan%20Aplikasi%20Mobile/Tugas%20Akhir/Mobile/app/src/main/java/com/example/rumahistimewa/ui/admin/TransactionListScreen.kt:105:9 Overload resolution ambiguity between candidates:
@Composable() @ComposableTarget(...) fun Text(text: AnnotatedString, modifier: Modifier = ..., color: Color = ..., fontSize: TextUnit = ..., fontStyle: FontStyle? = ..., fontWeight: FontWeight? = ..., fontFamily: FontFamily? = ..., letterSpacing: TextUnit = ..., textDecoration: TextDecoration? = ..., textAlign: TextAlign? = ..., lineHeight: TextUnit = ..., overflow: TextOverflow = ..., softWrap: Boolean = ..., maxLines: Int = ..., minLines: Int = ..., inlineContent: Map<String, InlineTextContent> = ..., onTextLayout: (TextLayoutResult) -> Unit = ..., style: TextStyle = ...): Unit
@Composable() @ComposableTarget(...) fun Text(text: String, modifier: Modifier = ..., color: Color = ..., fontSize: TextUnit = ..., fontStyle: FontStyle? = ..., fontWeight: FontWeight? = ..., fontFamily: FontFamily? = ..., letterSpacing: TextUnit = ..., textDecoration: TextDecoration? = ..., textAlign: TextAlign? = ..., lineHeight: TextUnit = ..., overflow: TextOverflow = ..., softWrap: Boolean = ..., maxLines: Int = ..., minLines: Int = ..., onTextLayout: ((TextLayoutResult) -> Unit)? = ..., style: TextStyle = ...): Unit
e: file:///E:/Kuliah/Semester%205/Pengembangan%20Aplikasi%20Mobile/Tugas%20Akhir/Mobile/app/src/main/java/com/example/rumahistimewa/ui/admin/TransactionListScreen.kt:106:16 Unresolved reference 'status'.
e: file:///E:/Kuliah/Semester%205/Pengembangan%20Aplikasi%20Mobile/Tugas%20Akhir/Mobile/app/src/main/java/com/example/rumahistimewa/ui/admin/TransactionListScreen.kt:109:28 Unresolved reference 'status'.
e: file:///E:/Kuliah/Semester%205/Pengembangan%20Aplikasi%20Mobile/Tugas%20Akhir/Mobile/app/src/main/java/com/example/rumahistimewa/ui/admin/TransactionListScreen.kt:109:73 Unresolved reference 'status'.
e: file:///E:/Kuliah/Semester%205/Pengembangan%20Aplikasi%20Mobile/Tugas%20Akhir/Mobile/app/src/main/java/com/example/rumahistimewa/ui/admin/UserManagementScreen.kt:20:17 Not enough information to infer type argument for 'T'.
e: file:///E:/Kuliah/Semester%205/Pengembangan%20Aplikasi%20Mobile/Tugas%20Akhir/Mobile/app/src/main/java/com/example/rumahistimewa/ui/admin/UserManagementScreen.kt:20:28 Not enough information to infer type argument for 'T'.
e: file:///E:/Kuliah/Semester%205/Pengembangan%20Aplikasi%20Mobile/Tugas%20Akhir/Mobile/app/src/main/java/com/example/rumahistimewa/ui/admin/UserManagementScreen.kt:21:9 Unresolved reference 'AdminUser'.
e: file:///E:/Kuliah/Semester%205/Pengembangan%20Aplikasi%20Mobile/Tugas%20Akhir/Mobile/app/src/main/java/com/example/rumahistimewa/ui/admin/UserManagementScreen.kt:21:9 Cannot infer type for this parameter. Please specify it explicitly.
e: file:///E:/Kuliah/Semester%205/Pengembangan%20Aplikasi%20Mobile/Tugas%20Akhir/Mobile/app/src/main/java/com/example/rumahistimewa/ui/admin/UserManagementScreen.kt:22:9 Unresolved reference 'AdminUser'.
e: file:///E:/Kuliah/Semester%205/Pengembangan%20Aplikasi%20Mobile/Tugas%20Akhir/Mobile/app/src/main/java/com/example/rumahistimewa/ui/admin/UserManagementScreen.kt:23:9 Unresolved reference 'AdminUser'.
e: file:///E:/Kuliah/Semester%205/Pengembangan%20Aplikasi%20Mobile/Tugas%20Akhir/Mobile/app/src/main/java/com/example/rumahistimewa/ui/admin/UserManagementScreen.kt:52:49 Unresolved reference 'copy'.
e: file:///E:/Kuliah/Semester%205/Pengembangan%20Aplikasi%20Mobile/Tugas%20Akhir/Mobile/app/src/main/java/com/example/rumahistimewa/ui/admin/UserManagementScreen.kt:52:71 Unresolved reference 'isActive'.
e: file:///E:/Kuliah/Semester%205/Pengembangan%20Aplikasi%20Mobile/Tugas%20Akhir/Mobile/app/src/main/java/com/example/rumahistimewa/ui/admin/UserManagementScreen.kt:63:19 Unresolved reference 'AdminUser'.
e: file:///E:/Kuliah/Semester%205/Pengembangan%20Aplikasi%20Mobile/Tugas%20Akhir/Mobile/app/src/main/java/com/example/rumahistimewa/ui/admin/UserManagementScreen.kt:71:9 Overload resolution ambiguity between candidates:
@Composable() @ComposableTarget(...) fun Text(text: AnnotatedString, modifier: Modifier = ..., color: Color = ..., fontSize: TextUnit = ..., fontStyle: FontStyle? = ..., fontWeight: FontWeight? = ..., fontFamily: FontFamily? = ..., letterSpacing: TextUnit = ..., textDecoration: TextDecoration? = ..., textAlign: TextAlign? = ..., lineHeight: TextUnit = ..., overflow: TextOverflow = ..., softWrap: Boolean = ..., maxLines: Int = ..., minLines: Int = ..., inlineContent: Map<String, InlineTextContent> = ..., onTextLayout: (TextLayoutResult) -> Unit = ..., style: TextStyle = ...): Unit
@Composable() @ComposableTarget(...) fun Text(text: String, modifier: Modifier = ..., color: Color = ..., fontSize: TextUnit = ..., fontStyle: FontStyle? = ..., fontWeight: FontWeight? = ..., fontFamily: FontFamily? = ..., letterSpacing: TextUnit = ..., textDecoration: TextDecoration? = ..., textAlign: TextAlign? = ..., lineHeight: TextUnit = ..., overflow: TextOverflow = ..., softWrap: Boolean = ..., maxLines: Int = ..., minLines: Int = ..., onTextLayout: ((TextLayoutResult) -> Unit)? = ..., style: TextStyle = ...): Unit
e: file:///E:/Kuliah/Semester%205/Pengembangan%20Aplikasi%20Mobile/Tugas%20Akhir/Mobile/app/src/main/java/com/example/rumahistimewa/ui/admin/UserManagementScreen.kt:71:19 Unresolved reference 'name'.
e: file:///E:/Kuliah/Semester%205/Pengembangan%20Aplikasi%20Mobile/Tugas%20Akhir/Mobile/app/src/main/java/com/example/rumahistimewa/ui/admin/UserManagementScreen.kt:72:9 Overload resolution ambiguity between candidates:
@Composable() @ComposableTarget(...) fun Text(text: AnnotatedString, modifier: Modifier = ..., color: Color = ..., fontSize: TextUnit = ..., fontStyle: FontStyle? = ..., fontWeight: FontWeight? = ..., fontFamily: FontFamily? = ..., letterSpacing: TextUnit = ..., textDecoration: TextDecoration? = ..., textAlign: TextAlign? = ..., lineHeight: TextUnit = ..., overflow: TextOverflow = ..., softWrap: Boolean = ..., maxLines: Int = ..., minLines: Int = ..., inlineContent: Map<String, InlineTextContent> = ..., onTextLayout: (TextLayoutResult) -> Unit = ..., style: TextStyle = ...): Unit
@Composable() @ComposableTarget(...) fun Text(text: String, modifier: Modifier = ..., color: Color = ..., fontSize: TextUnit = ..., fontStyle: FontStyle? = ..., fontWeight: FontWeight? = ..., fontFamily: FontFamily? = ..., letterSpacing: TextUnit = ..., textDecoration: TextDecoration? = ..., textAlign: TextAlign? = ..., lineHeight: TextUnit = ..., overflow: TextOverflow = ..., softWrap: Boolean = ..., maxLines: Int = ..., minLines: Int = ..., onTextLayout: ((TextLayoutResult) -> Unit)? = ..., style: TextStyle = ...): Unit
e: file:///E:/Kuliah/Semester%205/Pengembangan%20Aplikasi%20Mobile/Tugas%20Akhir/Mobile/app/src/main/java/com/example/rumahistimewa/ui/admin/UserManagementScreen.kt:72:19 Unresolved reference 'email'.
e: file:///E:/Kuliah/Semester%205/Pengembangan%20Aplikasi%20Mobile/Tugas%20Akhir/Mobile/app/src/main/java/com/example/rumahistimewa/ui/admin/UserManagementScreen.kt:73:9 Overload resolution ambiguity between candidates:
@Composable() @ComposableTarget(...) fun Text(text: AnnotatedString, modifier: Modifier = ..., color: Color = ..., fontSize: TextUnit = ..., fontStyle: FontStyle? = ..., fontWeight: FontWeight? = ..., fontFamily: FontFamily? = ..., letterSpacing: TextUnit = ..., textDecoration: TextDecoration? = ..., textAlign: TextAlign? = ..., lineHeight: TextUnit = ..., overflow: TextOverflow = ..., softWrap: Boolean = ..., maxLines: Int = ..., minLines: Int = ..., inlineContent: Map<String, InlineTextContent> = ..., onTextLayout: (TextLayoutResult) -> Unit = ..., style: TextStyle = ...): Unit
@Composable() @ComposableTarget(...) fun Text(text: String, modifier: Modifier = ..., color: Color = ..., fontSize: TextUnit = ..., fontStyle: FontStyle? = ..., fontWeight: FontWeight? = ..., fontFamily: FontFamily? = ..., letterSpacing: TextUnit = ..., textDecoration: TextDecoration? = ..., textAlign: TextAlign? = ..., lineHeight: TextUnit = ..., overflow: TextOverflow = ..., softWrap: Boolean = ..., maxLines: Int = ..., minLines: Int = ..., onTextLayout: ((TextLayoutResult) -> Unit)? = ..., style: TextStyle = ...): Unit
e: file:///E:/Kuliah/Semester%205/Pengembangan%20Aplikasi%20Mobile/Tugas%20Akhir/Mobile/app/src/main/java/com/example/rumahistimewa/ui/admin/UserManagementScreen.kt:73:19 Unresolved reference 'role'.
e: file:///E:/Kuliah/Semester%205/Pengembangan%20Aplikasi%20Mobile/Tugas%20Akhir/Mobile/app/src/main/java/com/example/rumahistimewa/ui/admin/UserManagementScreen.kt:79:47 Unresolved reference 'isActive'.
e: file:///E:/Kuliah/Semester%205/Pengembangan%20Aplikasi%20Mobile/Tugas%20Akhir/Mobile/app/src/main/java/com/example/rumahistimewa/ui/admin/UserManagementScreen.kt:84:31 Unresolved reference 'isActive'.
e: file:///E:/Kuliah/Semester%205/Pengembangan%20Aplikasi%20Mobile/Tugas%20Akhir/Mobile/app/src/main/java/com/example/rumahistimewa/ui/admin/VillaManagementScreen.kt:24:18 Not enough information to infer type argument for 'T'.
e: file:///E:/Kuliah/Semester%205/Pengembangan%20Aplikasi%20Mobile/Tugas%20Akhir/Mobile/app/src/main/java/com/example/rumahistimewa/ui/admin/VillaManagementScreen.kt:24:29 Not enough information to infer type argument for 'T'.
e: file:///E:/Kuliah/Semester%205/Pengembangan%20Aplikasi%20Mobile/Tugas%20Akhir/Mobile/app/src/main/java/com/example/rumahistimewa/ui/admin/VillaManagementScreen.kt:25:9 Unresolved reference 'AdminVilla'.
e: file:///E:/Kuliah/Semester%205/Pengembangan%20Aplikasi%20Mobile/Tugas%20Akhir/Mobile/app/src/main/java/com/example/rumahistimewa/ui/admin/VillaManagementScreen.kt:25:9 Cannot infer type for this parameter. Please specify it explicitly.
e: file:///E:/Kuliah/Semester%205/Pengembangan%20Aplikasi%20Mobile/Tugas%20Akhir/Mobile/app/src/main/java/com/example/rumahistimewa/ui/admin/VillaManagementScreen.kt:26:9 Unresolved reference 'AdminVilla'.
e: file:///E:/Kuliah/Semester%205/Pengembangan%20Aplikasi%20Mobile/Tugas%20Akhir/Mobile/app/src/main/java/com/example/rumahistimewa/ui/admin/VillaManagementScreen.kt:27:9 Unresolved reference 'AdminVilla'.
e: file:///E:/Kuliah/Semester%205/Pengembangan%20Aplikasi%20Mobile/Tugas%20Akhir/Mobile/app/src/main/java/com/example/rumahistimewa/ui/admin/VillaManagementScreen.kt:71:69 Overload resolution ambiguity between candidates:
@InlineOnly() fun <@OnlyInputTypes() T> MutableCollection<out T>.remove(element: T): Boolean
@Deprecated(...) @InlineOnly() fun <T> MutableList<T>.remove(index: Int): T
@InlineOnly() fun <@OnlyInputTypes() K, V> MutableMap<out K, V>.remove(key: K): V?
e: file:///E:/Kuliah/Semester%205/Pengembangan%20Aplikasi%20Mobile/Tugas%20Akhir/Mobile/app/src/main/java/com/example/rumahistimewa/ui/admin/VillaManagementScreen.kt:71:134 Unresolved reference 'id'.
e: file:///E:/Kuliah/Semester%205/Pengembangan%20Aplikasi%20Mobile/Tugas%20Akhir/Mobile/app/src/main/java/com/example/rumahistimewa/ui/admin/VillaManagementScreen.kt:81:21 Unresolved reference 'AdminVilla'.
e: file:///E:/Kuliah/Semester%205/Pengembangan%20Aplikasi%20Mobile/Tugas%20Akhir/Mobile/app/src/main/java/com/example/rumahistimewa/ui/admin/VillaManagementScreen.kt:88:68 Unresolved reference 'name'.
e: file:///E:/Kuliah/Semester%205/Pengembangan%20Aplikasi%20Mobile/Tugas%20Akhir/Mobile/app/src/main/java/com/example/rumahistimewa/ui/admin/VillaManagementScreen.kt:110:13 Overload resolution ambiguity between candidates:
@Composable() @ComposableTarget(...) fun Text(text: AnnotatedString, modifier: Modifier = ..., color: Color = ..., fontSize: TextUnit = ..., fontStyle: FontStyle? = ..., fontWeight: FontWeight? = ..., fontFamily: FontFamily? = ..., letterSpacing: TextUnit = ..., textDecoration: TextDecoration? = ..., textAlign: TextAlign? = ..., lineHeight: TextUnit = ..., overflow: TextOverflow = ..., softWrap: Boolean = ..., maxLines: Int = ..., minLines: Int = ..., inlineContent: Map<String, InlineTextContent> = ..., onTextLayout: (TextLayoutResult) -> Unit = ..., style: TextStyle = ...): Unit
@Composable() @ComposableTarget(...) fun Text(text: String, modifier: Modifier = ..., color: Color = ..., fontSize: TextUnit = ..., fontStyle: FontStyle? = ..., fontWeight: FontWeight? = ..., fontFamily: FontFamily? = ..., letterSpacing: TextUnit = ..., textDecoration: TextDecoration? = ..., textAlign: TextAlign? = ..., lineHeight: TextUnit = ..., overflow: TextOverflow = ..., softWrap: Boolean = ..., maxLines: Int = ..., minLines: Int = ..., onTextLayout: ((TextLayoutResult) -> Unit)? = ..., style: TextStyle = ...): Unit
e: file:///E:/Kuliah/Semester%205/Pengembangan%20Aplikasi%20Mobile/Tugas%20Akhir/Mobile/app/src/main/java/com/example/rumahistimewa/ui/admin/VillaManagementScreen.kt:110:24 Unresolved reference 'name'.
e: file:///E:/Kuliah/Semester%205/Pengembangan%20Aplikasi%20Mobile/Tugas%20Akhir/Mobile/app/src/main/java/com/example/rumahistimewa/ui/admin/VillaManagementScreen.kt:112:9 Overload resolution ambiguity between candidates:
@Composable() @ComposableTarget(...) fun Text(text: AnnotatedString, modifier: Modifier = ..., color: Color = ..., fontSize: TextUnit = ..., fontStyle: FontStyle? = ..., fontWeight: FontWeight? = ..., fontFamily: FontFamily? = ..., letterSpacing: TextUnit = ..., textDecoration: TextDecoration? = ..., textAlign: TextAlign? = ..., lineHeight: TextUnit = ..., overflow: TextOverflow = ..., softWrap: Boolean = ..., maxLines: Int = ..., minLines: Int = ..., inlineContent: Map<String, InlineTextContent> = ..., onTextLayout: (TextLayoutResult) -> Unit = ..., style: TextStyle = ...): Unit
@Composable() @ComposableTarget(...) fun Text(text: String, modifier: Modifier = ..., color: Color = ..., fontSize: TextUnit = ..., fontStyle: FontStyle? = ..., fontWeight: FontWeight? = ..., fontFamily: FontFamily? = ..., letterSpacing: TextUnit = ..., textDecoration: TextDecoration? = ..., textAlign: TextAlign? = ..., lineHeight: TextUnit = ..., overflow: TextOverflow = ..., softWrap: Boolean = ..., maxLines: Int = ..., minLines: Int = ..., onTextLayout: ((TextLayoutResult) -> Unit)? = ..., style: TextStyle = ...): Unit
e: file:///E:/Kuliah/Semester%205/Pengembangan%20Aplikasi%20Mobile/Tugas%20Akhir/Mobile/app/src/main/java/com/example/rumahistimewa/ui/admin/VillaManagementScreen.kt:112:20 Unresolved reference 'location'.
e: file:///E:/Kuliah/Semester%205/Pengembangan%20Aplikasi%20Mobile/Tugas%20Akhir/Mobile/app/src/main/java/com/example/rumahistimewa/ui/admin/VillaManagementScreen.kt:113:9 Overload resolution ambiguity between candidates:
@Composable() @ComposableTarget(...) fun Text(text: AnnotatedString, modifier: Modifier = ..., color: Color = ..., fontSize: TextUnit = ..., fontStyle: FontStyle? = ..., fontWeight: FontWeight? = ..., fontFamily: FontFamily? = ..., letterSpacing: TextUnit = ..., textDecoration: TextDecoration? = ..., textAlign: TextAlign? = ..., lineHeight: TextUnit = ..., overflow: TextOverflow = ..., softWrap: Boolean = ..., maxLines: Int = ..., minLines: Int = ..., inlineContent: Map<String, InlineTextContent> = ..., onTextLayout: (TextLayoutResult) -> Unit = ..., style: TextStyle = ...): Unit
@Composable() @ComposableTarget(...) fun Text(text: String, modifier: Modifier = ..., color: Color = ..., fontSize: TextUnit = ..., fontStyle: FontStyle? = ..., fontWeight: FontWeight? = ..., fontFamily: FontFamily? = ..., letterSpacing: TextUnit = ..., textDecoration: TextDecoration? = ..., textAlign: TextAlign? = ..., lineHeight: TextUnit = ..., overflow: TextOverflow = ..., softWrap: Boolean = ..., maxLines: Int = ..., minLines: Int = ..., onTextLayout: ((TextLayoutResult) -> Unit)? = ..., style: TextStyle = ...): Unit
e: file:///E:/Kuliah/Semester%205/Pengembangan%20Aplikasi%20Mobile/Tugas%20Akhir/Mobile/app/src/main/java/com/example/rumahistimewa/ui/admin/VillaManagementScreen.kt:113:20 Unresolved reference 'owner'.

> Task :app:compileDebugKotlin FAILED

FAILURE: Build failed with an exception.

* What went wrong:
Execution failed for task ':app:compileDebugKotlin'.
> A failure occurred while executing org.jetbrains.kotlin.compilerRunner.GradleCompilerRunnerWithWorkers$GradleKotlinCompilerWorkAction
   > Compilation error. See log for more details

* Try:
> Run with --info or --debug option to get more log output.
> Run with --scan to get full insights.
> Get more help at https://help.gradle.org.

* Exception is:
org.gradle.api.tasks.TaskExecutionException: Execution failed for task ':app:compileDebugKotlin'.
	at org.gradle.api.internal.tasks.execution.ExecuteActionsTaskExecuter.lambda$executeIfValid$1(ExecuteActionsTaskExecuter.java:130)
	at org.gradle.internal.Try$Failure.ifSuccessfulOrElse(Try.java:293)
	at org.gradle.api.internal.tasks.execution.ExecuteActionsTaskExecuter.executeIfValid(ExecuteActionsTaskExecuter.java:128)
	at org.gradle.api.internal.tasks.execution.ExecuteActionsTaskExecuter.execute(ExecuteActionsTaskExecuter.java:116)
	at org.gradle.api.internal.tasks.execution.FinalizePropertiesTaskExecuter.execute(FinalizePropertiesTaskExecuter.java:46)
	at org.gradle.api.internal.tasks.execution.ResolveTaskExecutionModeExecuter.execute(ResolveTaskExecutionModeExecuter.java:51)
	at org.gradle.api.internal.tasks.execution.SkipTaskWithNoActionsExecuter.execute(SkipTaskWithNoActionsExecuter.java:57)
	at org.gradle.api.internal.tasks.execution.SkipOnlyIfTaskExecuter.execute(SkipOnlyIfTaskExecuter.java:74)
	at org.gradle.api.internal.tasks.execution.CatchExceptionTaskExecuter.execute(CatchExceptionTaskExecuter.java:36)
	at org.gradle.api.internal.tasks.execution.EventFiringTaskExecuter$1.executeTask(EventFiringTaskExecuter.java:77)
	at org.gradle.api.internal.tasks.execution.EventFiringTaskExecuter$1.call(EventFiringTaskExecuter.java:55)
	at org.gradle.api.internal.tasks.execution.EventFiringTaskExecuter$1.call(EventFiringTaskExecuter.java:52)
	at org.gradle.internal.operations.DefaultBuildOperationRunner$CallableBuildOperationWorker.execute(DefaultBuildOperationRunner.java:209)
	at org.gradle.internal.operations.DefaultBuildOperationRunner$CallableBuildOperationWorker.execute(DefaultBuildOperationRunner.java:204)
	at org.gradle.internal.operations.DefaultBuildOperationRunner$2.execute(DefaultBuildOperationRunner.java:66)
	at org.gradle.internal.operations.DefaultBuildOperationRunner$2.execute(DefaultBuildOperationRunner.java:59)
	at org.gradle.internal.operations.DefaultBuildOperationRunner.execute(DefaultBuildOperationRunner.java:166)
	at org.gradle.internal.operations.DefaultBuildOperationRunner.execute(DefaultBuildOperationRunner.java:59)
	at org.gradle.internal.operations.DefaultBuildOperationRunner.call(DefaultBuildOperationRunner.java:53)
	at org.gradle.api.internal.tasks.execution.EventFiringTaskExecuter.execute(EventFiringTaskExecuter.java:52)
	at org.gradle.execution.plan.LocalTaskNodeExecutor.execute(LocalTaskNodeExecutor.java:42)
	at org.gradle.execution.taskgraph.DefaultTaskExecutionGraph$InvokeNodeExecutorsAction.execute(DefaultTaskExecutionGraph.java:331)
	at org.gradle.execution.taskgraph.DefaultTaskExecutionGraph$InvokeNodeExecutorsAction.execute(DefaultTaskExecutionGraph.java:318)
	at org.gradle.execution.taskgraph.DefaultTaskExecutionGraph$BuildOperationAwareExecutionAction.lambda$execute$0(DefaultTaskExecutionGraph.java:314)
	at org.gradle.internal.operations.CurrentBuildOperationRef.with(CurrentBuildOperationRef.java:85)
	at org.gradle.execution.taskgraph.DefaultTaskExecutionGraph$BuildOperationAwareExecutionAction.execute(DefaultTaskExecutionGraph.java:314)
	at org.gradle.execution.taskgraph.DefaultTaskExecutionGraph$BuildOperationAwareExecutionAction.execute(DefaultTaskExecutionGraph.java:303)
	at org.gradle.execution.plan.DefaultPlanExecutor$ExecutorWorker.execute(DefaultPlanExecutor.java:459)
	at org.gradle.execution.plan.DefaultPlanExecutor$ExecutorWorker.run(DefaultPlanExecutor.java:376)
	at org.gradle.internal.concurrent.ExecutorPolicy$CatchAndRecordFailures.onExecute(ExecutorPolicy.java:64)
	at org.gradle.internal.concurrent.AbstractManagedExecutor$1.run(AbstractManagedExecutor.java:48)
Caused by: org.gradle.workers.internal.DefaultWorkerExecutor$WorkExecutionException: A failure occurred while executing org.jetbrains.kotlin.compilerRunner.GradleCompilerRunnerWithWorkers$GradleKotlinCompilerWorkAction
	at org.gradle.workers.internal.DefaultWorkerExecutor$WorkItemExecution.waitForCompletion(DefaultWorkerExecutor.java:287)
	at org.gradle.internal.work.DefaultAsyncWorkTracker.lambda$waitForItemsAndGatherFailures$2(DefaultAsyncWorkTracker.java:130)
	at org.gradle.internal.Factories$1.create(Factories.java:31)
	at org.gradle.internal.work.DefaultWorkerLeaseService.withoutLocks(DefaultWorkerLeaseService.java:335)
	at org.gradle.internal.work.DefaultWorkerLeaseService.withoutLocks(DefaultWorkerLeaseService.java:318)
	at org.gradle.internal.work.DefaultWorkerLeaseService.withoutLock(DefaultWorkerLeaseService.java:323)
	at org.gradle.internal.work.DefaultAsyncWorkTracker.waitForItemsAndGatherFailures(DefaultAsyncWorkTracker.java:126)
	at org.gradle.internal.work.DefaultAsyncWorkTracker.waitForItemsAndGatherFailures(DefaultAsyncWorkTracker.java:92)
	at org.gradle.internal.work.DefaultAsyncWorkTracker.waitForAll(DefaultAsyncWorkTracker.java:78)
	at org.gradle.internal.work.DefaultAsyncWorkTracker.waitForCompletion(DefaultAsyncWorkTracker.java:66)
	at org.gradle.api.internal.tasks.execution.TaskExecution$3.run(TaskExecution.java:252)
	at org.gradle.internal.operations.DefaultBuildOperationRunner$1.execute(DefaultBuildOperationRunner.java:29)
	at org.gradle.internal.operations.DefaultBuildOperationRunner$1.execute(DefaultBuildOperationRunner.java:26)
	at org.gradle.internal.operations.DefaultBuildOperationRunner$2.execute(DefaultBuildOperationRunner.java:66)
	at org.gradle.internal.operations.DefaultBuildOperationRunner$2.execute(DefaultBuildOperationRunner.java:59)
	at org.gradle.internal.operations.DefaultBuildOperationRunner.execute(DefaultBuildOperationRunner.java:166)
	at org.gradle.internal.operations.DefaultBuildOperationRunner.execute(DefaultBuildOperationRunner.java:59)
	at org.gradle.internal.operations.DefaultBuildOperationRunner.run(DefaultBuildOperationRunner.java:47)
	at org.gradle.api.internal.tasks.execution.TaskExecution.executeAction(TaskExecution.java:229)
	at org.gradle.api.internal.tasks.execution.TaskExecution.executeActions(TaskExecution.java:212)
	at org.gradle.api.internal.tasks.execution.TaskExecution.executeWithPreviousOutputFiles(TaskExecution.java:195)
	at org.gradle.api.internal.tasks.execution.TaskExecution.execute(TaskExecution.java:162)
	at org.gradle.internal.execution.steps.ExecuteStep.executeInternal(ExecuteStep.java:105)
	at org.gradle.internal.execution.steps.ExecuteStep.access$000(ExecuteStep.java:44)
	at org.gradle.internal.execution.steps.ExecuteStep$1.call(ExecuteStep.java:59)
	at org.gradle.internal.execution.steps.ExecuteStep$1.call(ExecuteStep.java:56)
	at org.gradle.internal.operations.DefaultBuildOperationRunner$CallableBuildOperationWorker.execute(DefaultBuildOperationRunner.java:209)
	at org.gradle.internal.operations.DefaultBuildOperationRunner$CallableBuildOperationWorker.execute(DefaultBuildOperationRunner.java:204)
	at org.gradle.internal.operations.DefaultBuildOperationRunner$2.execute(DefaultBuildOperationRunner.java:66)
	at org.gradle.internal.operations.DefaultBuildOperationRunner$2.execute(DefaultBuildOperationRunner.java:59)
	at org.gradle.internal.operations.DefaultBuildOperationRunner.execute(DefaultBuildOperationRunner.java:166)
	at org.gradle.internal.operations.DefaultBuildOperationRunner.execute(DefaultBuildOperationRunner.java:59)
	at org.gradle.internal.operations.DefaultBuildOperationRunner.call(DefaultBuildOperationRunner.java:53)
	at org.gradle.internal.execution.steps.ExecuteStep.execute(ExecuteStep.java:56)
	at org.gradle.internal.execution.steps.ExecuteStep.execute(ExecuteStep.java:44)
	at org.gradle.internal.execution.steps.CancelExecutionStep.execute(CancelExecutionStep.java:42)
	at org.gradle.internal.execution.steps.TimeoutStep.executeWithoutTimeout(TimeoutStep.java:75)
	at org.gradle.internal.execution.steps.TimeoutStep.execute(TimeoutStep.java:55)
	at org.gradle.internal.execution.steps.PreCreateOutputParentsStep.execute(PreCreateOutputParentsStep.java:50)
	at org.gradle.internal.execution.steps.PreCreateOutputParentsStep.execute(PreCreateOutputParentsStep.java:28)
	at org.gradle.internal.execution.steps.RemovePreviousOutputsStep.execute(RemovePreviousOutputsStep.java:67)
	at org.gradle.internal.execution.steps.RemovePreviousOutputsStep.execute(RemovePreviousOutputsStep.java:37)
	at org.gradle.internal.execution.steps.BroadcastChangingOutputsStep.execute(BroadcastChangingOutputsStep.java:61)
	at org.gradle.internal.execution.steps.BroadcastChangingOutputsStep.execute(BroadcastChangingOutputsStep.java:26)
	at org.gradle.internal.execution.steps.CaptureOutputsAfterExecutionStep.execute(CaptureOutputsAfterExecutionStep.java:69)
	at org.gradle.internal.execution.steps.CaptureOutputsAfterExecutionStep.execute(CaptureOutputsAfterExecutionStep.java:46)
	at org.gradle.internal.execution.steps.ResolveInputChangesStep.execute(ResolveInputChangesStep.java:40)
	at org.gradle.internal.execution.steps.ResolveInputChangesStep.execute(ResolveInputChangesStep.java:29)
	at org.gradle.internal.execution.steps.BuildCacheStep.executeWithoutCache(BuildCacheStep.java:189)
	at org.gradle.internal.execution.steps.BuildCacheStep.lambda$execute$1(BuildCacheStep.java:75)
	at org.gradle.internal.Either$Right.fold(Either.java:175)
	at org.gradle.internal.execution.caching.CachingState.fold(CachingState.java:62)
	at org.gradle.internal.execution.steps.BuildCacheStep.execute(BuildCacheStep.java:73)
	at org.gradle.internal.execution.steps.BuildCacheStep.execute(BuildCacheStep.java:48)
	at org.gradle.internal.execution.steps.StoreExecutionStateStep.execute(StoreExecutionStateStep.java:46)
	at org.gradle.internal.execution.steps.StoreExecutionStateStep.execute(StoreExecutionStateStep.java:35)
	at org.gradle.internal.execution.steps.SkipUpToDateStep.executeBecause(SkipUpToDateStep.java:75)
	at org.gradle.internal.execution.steps.SkipUpToDateStep.lambda$execute$2(SkipUpToDateStep.java:53)
	at org.gradle.internal.execution.steps.SkipUpToDateStep.execute(SkipUpToDateStep.java:53)
	at org.gradle.internal.execution.steps.SkipUpToDateStep.execute(SkipUpToDateStep.java:35)
	at org.gradle.internal.execution.steps.legacy.MarkSnapshottingInputsFinishedStep.execute(MarkSnapshottingInputsFinishedStep.java:37)
	at org.gradle.internal.execution.steps.legacy.MarkSnapshottingInputsFinishedStep.execute(MarkSnapshottingInputsFinishedStep.java:27)
	at org.gradle.internal.execution.steps.ResolveIncrementalCachingStateStep.executeDelegate(ResolveIncrementalCachingStateStep.java:49)
	at org.gradle.internal.execution.steps.ResolveIncrementalCachingStateStep.executeDelegate(ResolveIncrementalCachingStateStep.java:27)
	at org.gradle.internal.execution.steps.AbstractResolveCachingStateStep.execute(AbstractResolveCachingStateStep.java:71)
	at org.gradle.internal.execution.steps.AbstractResolveCachingStateStep.execute(AbstractResolveCachingStateStep.java:39)
	at org.gradle.internal.execution.steps.ResolveChangesStep.execute(ResolveChangesStep.java:65)
	at org.gradle.internal.execution.steps.ResolveChangesStep.execute(ResolveChangesStep.java:36)
	at org.gradle.internal.execution.steps.ValidateStep.execute(ValidateStep.java:107)
	at org.gradle.internal.execution.steps.ValidateStep.execute(ValidateStep.java:56)
	at org.gradle.internal.execution.steps.AbstractCaptureStateBeforeExecutionStep.execute(AbstractCaptureStateBeforeExecutionStep.java:64)
	at org.gradle.internal.execution.steps.AbstractCaptureStateBeforeExecutionStep.execute(AbstractCaptureStateBeforeExecutionStep.java:43)
	at org.gradle.internal.execution.steps.AbstractSkipEmptyWorkStep.executeWithNonEmptySources(AbstractSkipEmptyWorkStep.java:125)
	at org.gradle.internal.execution.steps.AbstractSkipEmptyWorkStep.execute(AbstractSkipEmptyWorkStep.java:61)
	at org.gradle.internal.execution.steps.AbstractSkipEmptyWorkStep.execute(AbstractSkipEmptyWorkStep.java:36)
	at org.gradle.internal.execution.steps.legacy.MarkSnapshottingInputsStartedStep.execute(MarkSnapshottingInputsStartedStep.java:38)
	at org.gradle.internal.execution.steps.LoadPreviousExecutionStateStep.execute(LoadPreviousExecutionStateStep.java:36)
	at org.gradle.internal.execution.steps.LoadPreviousExecutionStateStep.execute(LoadPreviousExecutionStateStep.java:23)
	at org.gradle.internal.execution.steps.HandleStaleOutputsStep.execute(HandleStaleOutputsStep.java:75)
	at org.gradle.internal.execution.steps.HandleStaleOutputsStep.execute(HandleStaleOutputsStep.java:41)
	at org.gradle.internal.execution.steps.AssignMutableWorkspaceStep.lambda$execute$0(AssignMutableWorkspaceStep.java:35)
	at org.gradle.api.internal.tasks.execution.TaskExecution$4.withWorkspace(TaskExecution.java:289)
	at org.gradle.internal.execution.steps.AssignMutableWorkspaceStep.execute(AssignMutableWorkspaceStep.java:31)
	at org.gradle.internal.execution.steps.AssignMutableWorkspaceStep.execute(AssignMutableWorkspaceStep.java:22)
	at org.gradle.internal.execution.steps.ChoosePipelineStep.execute(ChoosePipelineStep.java:40)
	at org.gradle.internal.execution.steps.ChoosePipelineStep.execute(ChoosePipelineStep.java:23)
	at org.gradle.internal.execution.steps.ExecuteWorkBuildOperationFiringStep.lambda$execute$2(ExecuteWorkBuildOperationFiringStep.java:67)
	at org.gradle.internal.execution.steps.ExecuteWorkBuildOperationFiringStep.execute(ExecuteWorkBuildOperationFiringStep.java:67)
	at org.gradle.internal.execution.steps.ExecuteWorkBuildOperationFiringStep.execute(ExecuteWorkBuildOperationFiringStep.java:39)
	at org.gradle.internal.execution.steps.IdentityCacheStep.execute(IdentityCacheStep.java:46)
	at org.gradle.internal.execution.steps.IdentityCacheStep.execute(IdentityCacheStep.java:34)
	at org.gradle.internal.execution.steps.IdentifyStep.execute(IdentifyStep.java:48)
	at org.gradle.internal.execution.steps.IdentifyStep.execute(IdentifyStep.java:35)
	at org.gradle.internal.execution.impl.DefaultExecutionEngine$1.execute(DefaultExecutionEngine.java:61)
	at org.gradle.api.internal.tasks.execution.ExecuteActionsTaskExecuter.executeIfValid(ExecuteActionsTaskExecuter.java:127)
	at org.gradle.api.internal.tasks.execution.ExecuteActionsTaskExecuter.execute(ExecuteActionsTaskExecuter.java:116)
	at org.gradle.api.internal.tasks.execution.FinalizePropertiesTaskExecuter.execute(FinalizePropertiesTaskExecuter.java:46)
	at org.gradle.api.internal.tasks.execution.ResolveTaskExecutionModeExecuter.execute(ResolveTaskExecutionModeExecuter.java:51)
	at org.gradle.api.internal.tasks.execution.SkipTaskWithNoActionsExecuter.execute(SkipTaskWithNoActionsExecuter.java:57)
	at org.gradle.api.internal.tasks.execution.SkipOnlyIfTaskExecuter.execute(SkipOnlyIfTaskExecuter.java:74)
	at org.gradle.api.internal.tasks.execution.CatchExceptionTaskExecuter.execute(CatchExceptionTaskExecuter.java:36)
	at org.gradle.api.internal.tasks.execution.EventFiringTaskExecuter$1.executeTask(EventFiringTaskExecuter.java:77)
	at org.gradle.api.internal.tasks.execution.EventFiringTaskExecuter$1.call(EventFiringTaskExecuter.java:55)
	at org.gradle.api.internal.tasks.execution.EventFiringTaskExecuter$1.call(EventFiringTaskExecuter.java:52)
	at org.gradle.internal.operations.DefaultBuildOperationRunner$CallableBuildOperationWorker.execute(DefaultBuildOperationRunner.java:209)
	at org.gradle.internal.operations.DefaultBuildOperationRunner$CallableBuildOperationWorker.execute(DefaultBuildOperationRunner.java:204)
	at org.gradle.internal.operations.DefaultBuildOperationRunner$2.execute(DefaultBuildOperationRunner.java:66)
	at org.gradle.internal.operations.DefaultBuildOperationRunner$2.execute(DefaultBuildOperationRunner.java:59)
	at org.gradle.internal.operations.DefaultBuildOperationRunner.execute(DefaultBuildOperationRunner.java:166)
	at org.gradle.internal.operations.DefaultBuildOperationRunner.execute(DefaultBuildOperationRunner.java:59)
	at org.gradle.internal.operations.DefaultBuildOperationRunner.call(DefaultBuildOperationRunner.java:53)
	at org.gradle.api.internal.tasks.execution.EventFiringTaskExecuter.execute(EventFiringTaskExecuter.java:52)
	at org.gradle.execution.plan.LocalTaskNodeExecutor.execute(LocalTaskNodeExecutor.java:42)
	at org.gradle.execution.taskgraph.DefaultTaskExecutionGraph$InvokeNodeExecutorsAction.execute(DefaultTaskExecutionGraph.java:331)
	at org.gradle.execution.taskgraph.DefaultTaskExecutionGraph$InvokeNodeExecutorsAction.execute(DefaultTaskExecutionGraph.java:318)
	at org.gradle.execution.taskgraph.DefaultTaskExecutionGraph$BuildOperationAwareExecutionAction.lambda$execute$0(DefaultTaskExecutionGraph.java:314)
	at org.gradle.internal.operations.CurrentBuildOperationRef.with(CurrentBuildOperationRef.java:85)
	at org.gradle.execution.taskgraph.DefaultTaskExecutionGraph$BuildOperationAwareExecutionAction.execute(DefaultTaskExecutionGraph.java:314)
	at org.gradle.execution.taskgraph.DefaultTaskExecutionGraph$BuildOperationAwareExecutionAction.execute(DefaultTaskExecutionGraph.java:303)
	at org.gradle.execution.plan.DefaultPlanExecutor$ExecutorWorker.execute(DefaultPlanExecutor.java:459)
	at org.gradle.execution.plan.DefaultPlanExecutor$ExecutorWorker.run(DefaultPlanExecutor.java:376)
	at org.gradle.internal.concurrent.ExecutorPolicy$CatchAndRecordFailures.onExecute(ExecutorPolicy.java:64)
	at org.gradle.internal.concurrent.AbstractManagedExecutor$1.run(AbstractManagedExecutor.java:48)
Caused by: org.jetbrains.kotlin.gradle.tasks.CompilationErrorException: Compilation error. See log for more details
	at org.jetbrains.kotlin.gradle.tasks.TasksUtilsKt.throwExceptionIfCompilationFailed(tasksUtils.kt:21)
	at org.jetbrains.kotlin.compilerRunner.GradleKotlinCompilerWork.run(GradleKotlinCompilerWork.kt:119)
	at org.jetbrains.kotlin.compilerRunner.GradleCompilerRunnerWithWorkers$GradleKotlinCompilerWorkAction.execute(GradleCompilerRunnerWithWorkers.kt:76)
	at org.gradle.workers.internal.DefaultWorkerServer.execute(DefaultWorkerServer.java:63)
	at org.gradle.workers.internal.NoIsolationWorkerFactory$1$1.create(NoIsolationWorkerFactory.java:66)
	at org.gradle.workers.internal.NoIsolationWorkerFactory$1$1.create(NoIsolationWorkerFactory.java:62)
	at org.gradle.internal.classloader.ClassLoaderUtils.executeInClassloader(ClassLoaderUtils.java:100)
	at org.gradle.workers.internal.NoIsolationWorkerFactory$1.lambda$execute$0(NoIsolationWorkerFactory.java:62)
	at org.gradle.workers.internal.AbstractWorker$1.call(AbstractWorker.java:44)
	at org.gradle.workers.internal.AbstractWorker$1.call(AbstractWorker.java:41)
	at org.gradle.internal.operations.DefaultBuildOperationRunner$CallableBuildOperationWorker.execute(DefaultBuildOperationRunner.java:209)
	at org.gradle.internal.operations.DefaultBuildOperationRunner$CallableBuildOperationWorker.execute(DefaultBuildOperationRunner.java:204)
	at org.gradle.internal.operations.DefaultBuildOperationRunner$2.execute(DefaultBuildOperationRunner.java:66)
	at org.gradle.internal.operations.DefaultBuildOperationRunner$2.execute(DefaultBuildOperationRunner.java:59)
	at org.gradle.internal.operations.DefaultBuildOperationRunner.execute(DefaultBuildOperationRunner.java:166)
	at org.gradle.internal.operations.DefaultBuildOperationRunner.execute(DefaultBuildOperationRunner.java:59)
	at org.gradle.internal.operations.DefaultBuildOperationRunner.call(DefaultBuildOperationRunner.java:53)
	at org.gradle.workers.internal.AbstractWorker.executeWrappedInBuildOperation(AbstractWorker.java:41)
	at org.gradle.workers.internal.NoIsolationWorkerFactory$1.execute(NoIsolationWorkerFactory.java:59)
	at org.gradle.workers.internal.DefaultWorkerExecutor.lambda$submitWork$0(DefaultWorkerExecutor.java:174)
	at org.gradle.internal.work.DefaultConditionalExecutionQueue$ExecutionRunner.runExecution(DefaultConditionalExecutionQueue.java:194)
	at org.gradle.internal.work.DefaultConditionalExecutionQueue$ExecutionRunner.access$700(DefaultConditionalExecutionQueue.java:127)
	at org.gradle.internal.work.DefaultConditionalExecutionQueue$ExecutionRunner$1.run(DefaultConditionalExecutionQueue.java:169)
	at org.gradle.internal.Factories$1.create(Factories.java:31)
	at org.gradle.internal.work.DefaultWorkerLeaseService.withLocks(DefaultWorkerLeaseService.java:263)
	at org.gradle.internal.work.DefaultWorkerLeaseService.runAsWorkerThread(DefaultWorkerLeaseService.java:127)
	at org.gradle.internal.work.DefaultWorkerLeaseService.runAsWorkerThread(DefaultWorkerLeaseService.java:132)
	at org.gradle.internal.work.DefaultConditionalExecutionQueue$ExecutionRunner.runBatch(DefaultConditionalExecutionQueue.java:164)
	at org.gradle.internal.work.DefaultConditionalExecutionQueue$ExecutionRunner.run(DefaultConditionalExecutionQueue.java:133)
	... 2 more


BUILD FAILED in 20s
28 actionable tasks: 1 executed, 27 up-to-date
