> Task :app:checkKotlinGradlePluginConfigurationErrors SKIPPED
> Task :app:preBuild UP-TO-DATE
> Task :app:preDebugBuild UP-TO-DATE
> Task :app:checkDebugAarMetadata UP-TO-DATE
> Task :app:generateDebugResValues UP-TO-DATE
> Task :app:mapDebugSourceSetPaths UP-TO-DATE
> Task :app:generateDebugResources UP-TO-DATE
> Task :app:mergeDebugResources UP-TO-DATE
> Task :app:packageDebugResources UP-TO-DATE
> Task :app:parseDebugLocalResources UP-TO-DATE
> Task :app:createDebugCompatibleScreenManifests UP-TO-DATE
> Task :app:extractDeepLinksDebug UP-TO-DATE
> Task :app:processDebugMainManifest UP-TO-DATE
> Task :app:processDebugManifest UP-TO-DATE
> Task :app:processDebugManifestForPackage UP-TO-DATE
> Task :app:processDebugResources UP-TO-DATE

> Task :app:compileDebugKotlin FAILED
e: file:///E:/Kuliah/Semester%205/Pengembangan%20Aplikasi%20Mobile/Tugas%20Akhir/Mobile/app/src/main/java/com/example/rumahistimewa/navigation/AppNavHost.kt:148:18 Syntax error: Expecting ')'.
e: file:///E:/Kuliah/Semester%205/Pengembangan%20Aplikasi%20Mobile/Tugas%20Akhir/Mobile/app/src/main/java/com/example/rumahistimewa/navigation/AppNavHost.kt:150:13 Syntax error: Expecting an element.
e: file:///E:/Kuliah/Semester%205/Pengembangan%20Aplikasi%20Mobile/Tugas%20Akhir/Mobile/app/src/main/java/com/example/rumahistimewa/navigation/AppNavHost.kt:154:9 Unresolved reference 'composable'.
e: file:///E:/Kuliah/Semester%205/Pengembangan%20Aplikasi%20Mobile/Tugas%20Akhir/Mobile/app/src/main/java/com/example/rumahistimewa/navigation/AppNavHost.kt:157:13 Cannot infer type for this parameter. Please specify it explicitly.
e: file:///E:/Kuliah/Semester%205/Pengembangan%20Aplikasi%20Mobile/Tugas%20Akhir/Mobile/app/src/main/java/com/example/rumahistimewa/navigation/AppNavHost.kt:158:43 Unresolved reference 'arguments'.
e: file:///E:/Kuliah/Semester%205/Pengembangan%20Aplikasi%20Mobile/Tugas%20Akhir/Mobile/app/src/main/java/com/example/rumahistimewa/navigation/AppNavHost.kt:159:51 @Composable invocations can only happen from the context of a @Composable function
e: file:///E:/Kuliah/Semester%205/Pengembangan%20Aplikasi%20Mobile/Tugas%20Akhir/Mobile/app/src/main/java/com/example/rumahistimewa/navigation/AppNavHost.kt:170:9 Unresolved reference 'composable'.
e: file:///E:/Kuliah/Semester%205/Pengembangan%20Aplikasi%20Mobile/Tugas%20Akhir/Mobile/app/src/main/java/com/example/rumahistimewa/navigation/AppNavHost.kt:171:51 @Composable invocations can only happen from the context of a @Composable function
e: file:///E:/Kuliah/Semester%205/Pengembangan%20Aplikasi%20Mobile/Tugas%20Akhir/Mobile/app/src/main/java/com/example/rumahistimewa/navigation/AppNavHost.kt:175:9 Unresolved reference 'composable'.
e: file:///E:/Kuliah/Semester%205/Pengembangan%20Aplikasi%20Mobile/Tugas%20Akhir/Mobile/app/src/main/java/com/example/rumahistimewa/navigation/AppNavHost.kt:176:53 @Composable invocations can only happen from the context of a @Composable function
e: file:///E:/Kuliah/Semester%205/Pengembangan%20Aplikasi%20Mobile/Tugas%20Akhir/Mobile/app/src/main/java/com/example/rumahistimewa/navigation/AppNavHost.kt:184:9 Unresolved reference 'composable'.
e: file:///E:/Kuliah/Semester%205/Pengembangan%20Aplikasi%20Mobile/Tugas%20Akhir/Mobile/app/src/main/java/com/example/rumahistimewa/navigation/AppNavHost.kt:185:61 @Composable invocations can only happen from the context of a @Composable function
e: file:///E:/Kuliah/Semester%205/Pengembangan%20Aplikasi%20Mobile/Tugas%20Akhir/Mobile/app/src/main/java/com/example/rumahistimewa/navigation/AppNavHost.kt:190:9 Unresolved reference 'composable'.
e: file:///E:/Kuliah/Semester%205/Pengembangan%20Aplikasi%20Mobile/Tugas%20Akhir/Mobile/app/src/main/java/com/example/rumahistimewa/navigation/AppNavHost.kt:191:56 @Composable invocations can only happen from the context of a @Composable function
e: file:///E:/Kuliah/Semester%205/Pengembangan%20Aplikasi%20Mobile/Tugas%20Akhir/Mobile/app/src/main/java/com/example/rumahistimewa/navigation/AppNavHost.kt:195:9 Unresolved reference 'composable'.
e: file:///E:/Kuliah/Semester%205/Pengembangan%20Aplikasi%20Mobile/Tugas%20Akhir/Mobile/app/src/main/java/com/example/rumahistimewa/navigation/AppNavHost.kt:196:56 @Composable invocations can only happen from the context of a @Composable function
e: file:///E:/Kuliah/Semester%205/Pengembangan%20Aplikasi%20Mobile/Tugas%20Akhir/Mobile/app/src/main/java/com/example/rumahistimewa/navigation/AppNavHost.kt:204:9 Unresolved reference 'composable'.
e: file:///E:/Kuliah/Semester%205/Pengembangan%20Aplikasi%20Mobile/Tugas%20Akhir/Mobile/app/src/main/java/com/example/rumahistimewa/navigation/AppNavHost.kt:205:48 @Composable invocations can only happen from the context of a @Composable function
e: file:///E:/Kuliah/Semester%205/Pengembangan%20Aplikasi%20Mobile/Tugas%20Akhir/Mobile/app/src/main/java/com/example/rumahistimewa/navigation/AppNavHost.kt:211:9 Unresolved reference 'composable'.
e: file:///E:/Kuliah/Semester%205/Pengembangan%20Aplikasi%20Mobile/Tugas%20Akhir/Mobile/app/src/main/java/com/example/rumahistimewa/navigation/AppNavHost.kt:212:48 @Composable invocations can only happen from the context of a @Composable function
e: file:///E:/Kuliah/Semester%205/Pengembangan%20Aplikasi%20Mobile/Tugas%20Akhir/Mobile/app/src/main/java/com/example/rumahistimewa/navigation/AppNavHost.kt:222:9 Unresolved reference 'composable'.
e: file:///E:/Kuliah/Semester%205/Pengembangan%20Aplikasi%20Mobile/Tugas%20Akhir/Mobile/app/src/main/java/com/example/rumahistimewa/navigation/AppNavHost.kt:223:48 @Composable invocations can only happen from the context of a @Composable function
e: file:///E:/Kuliah/Semester%205/Pengembangan%20Aplikasi%20Mobile/Tugas%20Akhir/Mobile/app/src/main/java/com/example/rumahistimewa/navigation/AppNavHost.kt:232:9 Unresolved reference 'composable'.
e: file:///E:/Kuliah/Semester%205/Pengembangan%20Aplikasi%20Mobile/Tugas%20Akhir/Mobile/app/src/main/java/com/example/rumahistimewa/navigation/AppNavHost.kt:233:48 @Composable invocations can only happen from the context of a @Composable function
e: file:///E:/Kuliah/Semester%205/Pengembangan%20Aplikasi%20Mobile/Tugas%20Akhir/Mobile/app/src/main/java/com/example/rumahistimewa/navigation/AppNavHost.kt:242:9 Unresolved reference 'composable'.
e: file:///E:/Kuliah/Semester%205/Pengembangan%20Aplikasi%20Mobile/Tugas%20Akhir/Mobile/app/src/main/java/com/example/rumahistimewa/navigation/AppNavHost.kt:243:48 @Composable invocations can only happen from the context of a @Composable function
e: file:///E:/Kuliah/Semester%205/Pengembangan%20Aplikasi%20Mobile/Tugas%20Akhir/Mobile/app/src/main/java/com/example/rumahistimewa/navigation/AppNavHost.kt:253:9 Unresolved reference 'composable'.
e: file:///E:/Kuliah/Semester%205/Pengembangan%20Aplikasi%20Mobile/Tugas%20Akhir/Mobile/app/src/main/java/com/example/rumahistimewa/navigation/AppNavHost.kt:255:49 @Composable invocations can only happen from the context of a @Composable function
e: file:///E:/Kuliah/Semester%205/Pengembangan%20Aplikasi%20Mobile/Tugas%20Akhir/Mobile/app/src/main/java/com/example/rumahistimewa/navigation/AppNavHost.kt:264:9 Unresolved reference 'composable'.
e: file:///E:/Kuliah/Semester%205/Pengembangan%20Aplikasi%20Mobile/Tugas%20Akhir/Mobile/app/src/main/java/com/example/rumahistimewa/navigation/AppNavHost.kt:266:49 @Composable invocations can only happen from the context of a @Composable function
e: file:///E:/Kuliah/Semester%205/Pengembangan%20Aplikasi%20Mobile/Tugas%20Akhir/Mobile/app/src/main/java/com/example/rumahistimewa/navigation/AppNavHost.kt:276:9 Unresolved reference 'composable'.
e: file:///E:/Kuliah/Semester%205/Pengembangan%20Aplikasi%20Mobile/Tugas%20Akhir/Mobile/app/src/main/java/com/example/rumahistimewa/navigation/AppNavHost.kt:277:48 @Composable invocations can only happen from the context of a @Composable function
e: file:///E:/Kuliah/Semester%205/Pengembangan%20Aplikasi%20Mobile/Tugas%20Akhir/Mobile/app/src/main/java/com/example/rumahistimewa/navigation/AppNavHost.kt:286:9 Unresolved reference 'composable'.
e: file:///E:/Kuliah/Semester%205/Pengembangan%20Aplikasi%20Mobile/Tugas%20Akhir/Mobile/app/src/main/java/com/example/rumahistimewa/navigation/AppNavHost.kt:287:48 @Composable invocations can only happen from the context of a @Composable function
e: file:///E:/Kuliah/Semester%205/Pengembangan%20Aplikasi%20Mobile/Tugas%20Akhir/Mobile/app/src/main/java/com/example/rumahistimewa/navigation/AppNavHost.kt:297:1 Syntax error: Expecting a top level declaration.

FAILURE: Build failed with an exception.

* What went wrong:
Execution failed for task ':app:compileDebugKotlin'.
> A failure occurred while executing org.jetbrains.kotlin.compilerRunner.GradleCompilerRunnerWithWorkers$GradleKotlinCompilerWorkAction
   > Compilation error. See log for more details

* Try:
> Run with --stacktrace option to get the stack trace.
> Run with --info or --debug option to get more log output.
> Run with --scan to get full insights.
> Get more help at https://help.gradle.org.

BUILD FAILED in 8s
14 actionable tasks: 1 executed, 13 up-to-date
